0 info it worked if it ends with ok
1 verbose cli [ '/Users/shunta/.nvm/versions/node/v5.5.0/bin/node',
1 verbose cli   '/Users/shunta/.nvm/versions/node/v5.5.0/bin/npm',
1 verbose cli   'install',
1 verbose cli   'express',
1 verbose cli   'falcor',
1 verbose cli   'falcor-express',
1 verbose cli   'falcor-router',
1 verbose cli   'ldash',
1 verbose cli   '--save' ]
2 info using npm@3.8.1
3 info using node@v5.5.0
4 silly loadCurrentTree Starting
5 silly install loadCurrentTree
6 silly install readLocalPackageData
7 silly fetchPackageMetaData express
8 silly fetchPackageMetaData falcor
9 silly fetchPackageMetaData falcor-express
10 silly fetchPackageMetaData falcor-router
11 silly fetchPackageMetaData ldash
12 silly fetchNamedPackageData express
13 silly mapToRegistry name express
14 silly mapToRegistry using default registry
15 silly mapToRegistry registry https://registry.npmjs.org/
16 silly mapToRegistry uri https://registry.npmjs.org/express
17 silly fetchNamedPackageData falcor
18 silly mapToRegistry name falcor
19 silly mapToRegistry using default registry
20 silly mapToRegistry registry https://registry.npmjs.org/
21 silly mapToRegistry uri https://registry.npmjs.org/falcor
22 silly fetchNamedPackageData falcor-express
23 silly mapToRegistry name falcor-express
24 silly mapToRegistry using default registry
25 silly mapToRegistry registry https://registry.npmjs.org/
26 silly mapToRegistry uri https://registry.npmjs.org/falcor-express
27 silly fetchNamedPackageData falcor-router
28 silly mapToRegistry name falcor-router
29 silly mapToRegistry using default registry
30 silly mapToRegistry registry https://registry.npmjs.org/
31 silly mapToRegistry uri https://registry.npmjs.org/falcor-router
32 silly fetchNamedPackageData ldash
33 silly mapToRegistry name ldash
34 silly mapToRegistry using default registry
35 silly mapToRegistry registry https://registry.npmjs.org/
36 silly mapToRegistry uri https://registry.npmjs.org/ldash
37 verbose request uri https://registry.npmjs.org/falcor
38 verbose request no auth needed
39 info attempt registry request try #1 at 12:27:36
40 verbose request id 3d327ff89ac4a54e
41 http request GET https://registry.npmjs.org/falcor
42 verbose request uri https://registry.npmjs.org/falcor-express
43 verbose request no auth needed
44 info attempt registry request try #1 at 12:27:36
45 http request GET https://registry.npmjs.org/falcor-express
46 verbose request uri https://registry.npmjs.org/falcor-router
47 verbose request no auth needed
48 info attempt registry request try #1 at 12:27:36
49 http request GET https://registry.npmjs.org/falcor-router
50 verbose request uri https://registry.npmjs.org/ldash
51 verbose request no auth needed
52 info attempt registry request try #1 at 12:27:36
53 http request GET https://registry.npmjs.org/ldash
54 verbose request uri https://registry.npmjs.org/express
55 verbose request no auth needed
56 info attempt registry request try #1 at 12:27:36
57 verbose etag "B83HQ4OS1R9E0E53717KBKAP3"
58 http request GET https://registry.npmjs.org/express
59 http 200 https://registry.npmjs.org/express
60 verbose headers { server: 'CouchDB/1.5.0 (Erlang OTP/R16B03)',
60 verbose headers   etag: '"2YIJVQS7RIZN0Z9YZGWGXVYJ4"',
60 verbose headers   'content-type': 'application/json',
60 verbose headers   'content-encoding': 'gzip',
60 verbose headers   'cache-control': 'max-age=300',
60 verbose headers   'content-length': '54293',
60 verbose headers   'accept-ranges': 'bytes',
60 verbose headers   date: 'Thu, 21 Apr 2016 03:27:36 GMT',
60 verbose headers   via: '1.1 varnish',
60 verbose headers   age: '129',
60 verbose headers   connection: 'keep-alive',
60 verbose headers   'x-served-by': 'cache-nrt6123-NRT',
60 verbose headers   'x-cache': 'HIT',
60 verbose headers   'x-cache-hits': '4',
60 verbose headers   'x-timer': 'S1461209256.618985,VS0,VE0',
60 verbose headers   vary: 'Accept-Encoding' }
61 silly get cb [ 200,
61 silly get   { server: 'CouchDB/1.5.0 (Erlang OTP/R16B03)',
61 silly get     etag: '"2YIJVQS7RIZN0Z9YZGWGXVYJ4"',
61 silly get     'content-type': 'application/json',
61 silly get     'content-encoding': 'gzip',
61 silly get     'cache-control': 'max-age=300',
61 silly get     'content-length': '54293',
61 silly get     'accept-ranges': 'bytes',
61 silly get     date: 'Thu, 21 Apr 2016 03:27:36 GMT',
61 silly get     via: '1.1 varnish',
61 silly get     age: '129',
61 silly get     connection: 'keep-alive',
61 silly get     'x-served-by': 'cache-nrt6123-NRT',
61 silly get     'x-cache': 'HIT',
61 silly get     'x-cache-hits': '4',
61 silly get     'x-timer': 'S1461209256.618985,VS0,VE0',
61 silly get     vary: 'Accept-Encoding' } ]
62 verbose get saving express to /Users/shunta/.npm/registry.npmjs.org/express/.cache.json
63 verbose correctMkdir /Users/shunta/.npm correctMkdir not in flight; initializing
64 http 200 https://registry.npmjs.org/falcor-router
65 verbose headers { server: 'CouchDB/1.5.0 (Erlang OTP/R16B03)',
65 verbose headers   etag: '"1PCV1I81I0JAPMTF1H6CVO1F9"',
65 verbose headers   'content-type': 'application/json',
65 verbose headers   'content-encoding': 'gzip',
65 verbose headers   'cache-control': 'max-age=300',
65 verbose headers   'content-length': '4310',
65 verbose headers   'accept-ranges': 'bytes',
65 verbose headers   date: 'Thu, 21 Apr 2016 03:27:36 GMT',
65 verbose headers   via: '1.1 varnish',
65 verbose headers   age: '0',
65 verbose headers   connection: 'keep-alive',
65 verbose headers   'x-served-by': 'cache-nrt6120-NRT',
65 verbose headers   'x-cache': 'HIT',
65 verbose headers   'x-cache-hits': '1',
65 verbose headers   'x-timer': 'S1461209256.616740,VS0,VE121',
65 verbose headers   vary: 'Accept-Encoding' }
66 silly get cb [ 200,
66 silly get   { server: 'CouchDB/1.5.0 (Erlang OTP/R16B03)',
66 silly get     etag: '"1PCV1I81I0JAPMTF1H6CVO1F9"',
66 silly get     'content-type': 'application/json',
66 silly get     'content-encoding': 'gzip',
66 silly get     'cache-control': 'max-age=300',
66 silly get     'content-length': '4310',
66 silly get     'accept-ranges': 'bytes',
66 silly get     date: 'Thu, 21 Apr 2016 03:27:36 GMT',
66 silly get     via: '1.1 varnish',
66 silly get     age: '0',
66 silly get     connection: 'keep-alive',
66 silly get     'x-served-by': 'cache-nrt6120-NRT',
66 silly get     'x-cache': 'HIT',
66 silly get     'x-cache-hits': '1',
66 silly get     'x-timer': 'S1461209256.616740,VS0,VE121',
66 silly get     vary: 'Accept-Encoding' } ]
67 verbose get saving falcor-router to /Users/shunta/.npm/registry.npmjs.org/falcor-router/.cache.json
68 verbose correctMkdir /Users/shunta/.npm correctMkdir not in flight; initializing
69 http 200 https://registry.npmjs.org/falcor
70 verbose headers { server: 'CouchDB/1.5.0 (Erlang OTP/R16B03)',
70 verbose headers   etag: '"9LLP3E47AK4AV1PRKU0L1XU7I"',
70 verbose headers   'content-type': 'application/json',
70 verbose headers   'content-encoding': 'gzip',
70 verbose headers   'cache-control': 'max-age=300',
70 verbose headers   'content-length': '6954',
70 verbose headers   'accept-ranges': 'bytes',
70 verbose headers   date: 'Thu, 21 Apr 2016 03:27:36 GMT',
70 verbose headers   via: '1.1 varnish',
70 verbose headers   age: '0',
70 verbose headers   connection: 'keep-alive',
70 verbose headers   'x-served-by': 'cache-nrt6129-NRT',
70 verbose headers   'x-cache': 'HIT',
70 verbose headers   'x-cache-hits': '1',
70 verbose headers   'x-timer': 'S1461209256.608610,VS0,VE182',
70 verbose headers   vary: 'Accept-Encoding' }
71 silly get cb [ 200,
71 silly get   { server: 'CouchDB/1.5.0 (Erlang OTP/R16B03)',
71 silly get     etag: '"9LLP3E47AK4AV1PRKU0L1XU7I"',
71 silly get     'content-type': 'application/json',
71 silly get     'content-encoding': 'gzip',
71 silly get     'cache-control': 'max-age=300',
71 silly get     'content-length': '6954',
71 silly get     'accept-ranges': 'bytes',
71 silly get     date: 'Thu, 21 Apr 2016 03:27:36 GMT',
71 silly get     via: '1.1 varnish',
71 silly get     age: '0',
71 silly get     connection: 'keep-alive',
71 silly get     'x-served-by': 'cache-nrt6129-NRT',
71 silly get     'x-cache': 'HIT',
71 silly get     'x-cache-hits': '1',
71 silly get     'x-timer': 'S1461209256.608610,VS0,VE182',
71 silly get     vary: 'Accept-Encoding' } ]
72 verbose get saving falcor to /Users/shunta/.npm/registry.npmjs.org/falcor/.cache.json
73 verbose correctMkdir /Users/shunta/.npm correctMkdir not in flight; initializing
74 http 404 https://registry.npmjs.org/ldash
75 verbose headers { 'content-type': 'application/json',
75 verbose headers   'cache-control': 'max-age=0',
75 verbose headers   'content-length': '2',
75 verbose headers   'accept-ranges': 'bytes',
75 verbose headers   date: 'Thu, 21 Apr 2016 03:27:36 GMT',
75 verbose headers   via: '1.1 varnish',
75 verbose headers   age: '0',
75 verbose headers   connection: 'keep-alive',
75 verbose headers   'x-served-by': 'cache-nrt6121-NRT',
75 verbose headers   'x-cache': 'MISS',
75 verbose headers   'x-cache-hits': '0',
75 verbose headers   'x-timer': 'S1461209256.608109,VS0,VE185',
75 verbose headers   vary: 'Accept-Encoding' }
76 silly get cb [ 404,
76 silly get   { 'content-type': 'application/json',
76 silly get     'cache-control': 'max-age=0',
76 silly get     'content-length': '2',
76 silly get     'accept-ranges': 'bytes',
76 silly get     date: 'Thu, 21 Apr 2016 03:27:36 GMT',
76 silly get     via: '1.1 varnish',
76 silly get     age: '0',
76 silly get     connection: 'keep-alive',
76 silly get     'x-served-by': 'cache-nrt6121-NRT',
76 silly get     'x-cache': 'MISS',
76 silly get     'x-cache-hits': '0',
76 silly get     'x-timer': 'S1461209256.608109,VS0,VE185',
76 silly get     vary: 'Accept-Encoding' } ]
77 silly fetchPackageMetaData Error: Registry returned 404 for GET on https://registry.npmjs.org/ldash
77 silly fetchPackageMetaData     at makeError (/Users/shunta/.nvm/versions/node/v5.5.0/lib/node_modules/npm/node_modules/npm-registry-client/lib/request.js:264:12)
77 silly fetchPackageMetaData     at CachingRegistryClient.<anonymous> (/Users/shunta/.nvm/versions/node/v5.5.0/lib/node_modules/npm/node_modules/npm-registry-client/lib/request.js:242:14)
77 silly fetchPackageMetaData     at Request._callback (/Users/shunta/.nvm/versions/node/v5.5.0/lib/node_modules/npm/node_modules/npm-registry-client/lib/request.js:172:14)
77 silly fetchPackageMetaData     at Request.self.callback (/Users/shunta/.nvm/versions/node/v5.5.0/lib/node_modules/npm/node_modules/request/request.js:199:22)
77 silly fetchPackageMetaData     at emitTwo (events.js:100:13)
77 silly fetchPackageMetaData     at Request.emit (events.js:185:7)
77 silly fetchPackageMetaData     at Request.<anonymous> (/Users/shunta/.nvm/versions/node/v5.5.0/lib/node_modules/npm/node_modules/request/request.js:1036:10)
77 silly fetchPackageMetaData     at emitOne (events.js:95:20)
77 silly fetchPackageMetaData     at Request.emit (events.js:182:7)
77 silly fetchPackageMetaData     at IncomingMessage.<anonymous> (/Users/shunta/.nvm/versions/node/v5.5.0/lib/node_modules/npm/node_modules/request/request.js:963:12)
77 silly fetchPackageMetaData  error for ldash { [Error: Registry returned 404 for GET on https://registry.npmjs.org/ldash] pkgid: 'ldash', statusCode: 404, code: 'E404' }
78 http 200 https://registry.npmjs.org/falcor-express
79 verbose headers { server: 'CouchDB/1.5.0 (Erlang OTP/R16B03)',
79 verbose headers   etag: '"61BM4YT5AQ9J874NTVOUFPTY9"',
79 verbose headers   'content-type': 'application/json',
79 verbose headers   'cache-control': 'max-age=300',
79 verbose headers   'content-length': '5520',
79 verbose headers   'accept-ranges': 'bytes',
79 verbose headers   date: 'Thu, 21 Apr 2016 03:27:37 GMT',
79 verbose headers   via: '1.1 varnish',
79 verbose headers   age: '0',
79 verbose headers   connection: 'keep-alive',
79 verbose headers   'x-served-by': 'cache-nrt6123-NRT',
79 verbose headers   'x-cache': 'HIT',
79 verbose headers   'x-cache-hits': '1',
79 verbose headers   'x-timer': 'S1461209256.616060,VS0,VE701',
79 verbose headers   vary: 'Accept-Encoding' }
80 silly get cb [ 200,
80 silly get   { server: 'CouchDB/1.5.0 (Erlang OTP/R16B03)',
80 silly get     etag: '"61BM4YT5AQ9J874NTVOUFPTY9"',
80 silly get     'content-type': 'application/json',
80 silly get     'cache-control': 'max-age=300',
80 silly get     'content-length': '5520',
80 silly get     'accept-ranges': 'bytes',
80 silly get     date: 'Thu, 21 Apr 2016 03:27:37 GMT',
80 silly get     via: '1.1 varnish',
80 silly get     age: '0',
80 silly get     connection: 'keep-alive',
80 silly get     'x-served-by': 'cache-nrt6123-NRT',
80 silly get     'x-cache': 'HIT',
80 silly get     'x-cache-hits': '1',
80 silly get     'x-timer': 'S1461209256.616060,VS0,VE701',
80 silly get     vary: 'Accept-Encoding' } ]
81 verbose get saving falcor-express to /Users/shunta/.npm/registry.npmjs.org/falcor-express/.cache.json
82 verbose correctMkdir /Users/shunta/.npm correctMkdir not in flight; initializing
83 silly rollbackFailedOptional Starting
84 silly rollbackFailedOptional Finishing
85 silly runTopLevelLifecycles Starting
86 silly runTopLevelLifecycles Finishing
87 silly install printInstalled
88 verbose stack Error: Registry returned 404 for GET on https://registry.npmjs.org/ldash
88 verbose stack     at makeError (/Users/shunta/.nvm/versions/node/v5.5.0/lib/node_modules/npm/node_modules/npm-registry-client/lib/request.js:264:12)
88 verbose stack     at CachingRegistryClient.<anonymous> (/Users/shunta/.nvm/versions/node/v5.5.0/lib/node_modules/npm/node_modules/npm-registry-client/lib/request.js:242:14)
88 verbose stack     at Request._callback (/Users/shunta/.nvm/versions/node/v5.5.0/lib/node_modules/npm/node_modules/npm-registry-client/lib/request.js:172:14)
88 verbose stack     at Request.self.callback (/Users/shunta/.nvm/versions/node/v5.5.0/lib/node_modules/npm/node_modules/request/request.js:199:22)
88 verbose stack     at emitTwo (events.js:100:13)
88 verbose stack     at Request.emit (events.js:185:7)
88 verbose stack     at Request.<anonymous> (/Users/shunta/.nvm/versions/node/v5.5.0/lib/node_modules/npm/node_modules/request/request.js:1036:10)
88 verbose stack     at emitOne (events.js:95:20)
88 verbose stack     at Request.emit (events.js:182:7)
88 verbose stack     at IncomingMessage.<anonymous> (/Users/shunta/.nvm/versions/node/v5.5.0/lib/node_modules/npm/node_modules/request/request.js:963:12)
89 verbose statusCode 404
90 verbose pkgid ldash
91 verbose cwd /Users/shunta/repo_personal/first-day-of-falcor
92 error Darwin 14.5.0
93 error argv "/Users/shunta/.nvm/versions/node/v5.5.0/bin/node" "/Users/shunta/.nvm/versions/node/v5.5.0/bin/npm" "install" "express" "falcor" "falcor-express" "falcor-router" "ldash" "--save"
94 error node v5.5.0
95 error npm  v3.8.1
96 error code E404
97 error 404 Registry returned 404 for GET on https://registry.npmjs.org/ldash
98 error 404
99 error 404 'ldash' is not in the npm registry.
100 error 404 You should bug the author to publish it (or use the name yourself!)
101 error 404 Note that you can also install from a
102 error 404 tarball, folder, http url, or git url.
103 verbose exit [ 1, true ]
